Using pre-set license
Built from '2021.3/staging' branch; Version is '2021.3.11f1 (0a5ca18544bf) revision 679073'; Using compiler version '192829333'; Build Type 'Release'
OS: 'Windows 11  (10.0.22621) 64bit CoreSingleLanguage' Language: 'en' Physical Memory: 16205 MB
BatchMode: 1, IsHumanControllingUs: 0, StartBugReporterOnCrash: 0, Is64bit: 1, IsPro: 1

COMMAND LINE ARGUMENTS:
C:\Program Files\Unity\Hub\Editor\2021.3.11f1\Editor\Unity.exe
-adb2
-batchMode
-noUpm
-name
AssetImportWorker0
-projectPath
C:/Users/ithel/Documents/GitHub/Logoid/Logoid
-logFile
Logs/AssetImportWorker0.log
-srvPort
61961
Successfully changed project path to: C:/Users/ithel/Documents/GitHub/Logoid/Logoid
C:/Users/ithel/Documents/GitHub/Logoid/Logoid
[UnityMemory] Configuration Parameters - Can be set up in boot.config
    "memorysetup-bucket-allocator-granularity=16"
    "memorysetup-bucket-allocator-bucket-count=8"
    "memorysetup-bucket-allocator-block-size=33554432"
    "memorysetup-bucket-allocator-block-count=8"
    "memorysetup-main-allocator-block-size=16777216"
    "memorysetup-thread-allocator-block-size=16777216"
    "memorysetup-gfx-main-allocator-block-size=16777216"
    "memorysetup-gfx-thread-allocator-block-size=16777216"
    "memorysetup-cache-allocator-block-size=4194304"
    "memorysetup-typetree-allocator-block-size=2097152"
    "memorysetup-profiler-bucket-allocator-granularity=16"
    "memorysetup-profiler-bucket-allocator-bucket-count=8"
    "memorysetup-profiler-bucket-allocator-block-size=33554432"
    "memorysetup-profiler-bucket-allocator-block-count=8"
    "memorysetup-profiler-allocator-block-size=16777216"
    "memorysetup-profiler-editor-allocator-block-size=1048576"
    "memorysetup-temp-allocator-size-main=16777216"
    "memorysetup-job-temp-allocator-block-size=2097152"
    "memorysetup-job-temp-allocator-block-size-background=1048576"
    "memorysetup-job-temp-allocator-reduction-small-platforms=262144"
    "memorysetup-temp-allocator-size-background-worker=32768"
    "memorysetup-temp-allocator-size-job-worker=262144"
    "memorysetup-temp-allocator-size-preload-manager=33554432"
    "memorysetup-temp-allocator-size-nav-mesh-worker=65536"
    "memorysetup-temp-allocator-size-audio-worker=65536"
    "memorysetup-temp-allocator-size-cloud-worker=32768"
    "memorysetup-temp-allocator-size-gi-baking-worker=262144"
    "memorysetup-temp-allocator-size-gfx=262144"
Refreshing native plugins compatible for Editor in 62.30 ms, found 3 plugins.
Preloading 0 native plugins for Editor in 0.00 ms.
Initialize engine version: 2021.3.11f1 (0a5ca18544bf)
[Subsystems] Discovering subsystems at path C:/Program Files/Unity/Hub/Editor/2021.3.11f1/Editor/Data/Resources/UnitySubsystems
[Subsystems] Discovering subsystems at path C:/Users/ithel/Documents/GitHub/Logoid/Logoid/Assets
GfxDevice: creating device client; threaded=0; jobified=0
Direct3D:
    Version:  Direct3D 11.0 [level 11.1]
    Renderer: NVIDIA GeForce RTX 3060 Laptop GPU (ID=0x2520)
    Vendor:   NVIDIA
    VRAM:     6023 MB
    Driver:   30.0.14.9717
Initialize mono
Mono path[0] = 'C:/Program Files/Unity/Hub/Editor/2021.3.11f1/Editor/Data/Managed'
Mono path[1] = 'C:/Program Files/Unity/Hub/Editor/2021.3.11f1/Editor/Data/MonoBleedingEdge/lib/mono/unityjit-win32'
Mono config path = 'C:/Program Files/Unity/Hub/Editor/2021.3.11f1/Editor/Data/MonoBleedingEdge/etc'
Using monoOptions --debugger-agent=transport=dt_socket,embedding=1,server=y,suspend=n,address=127.0.0.1:56272
Begin MonoManager ReloadAssembly
Registering precompiled unity dll's ...
Register platform support module: C:/Program Files/Unity/Hub/Editor/2021.3.11f1/Editor/Data/PlaybackEngines/WebGLSupport/UnityEditor.WebGL.Extensions.dll
Register platform support module: C:/Program Files/Unity/Hub/Editor/2021.3.11f1/Editor/Data/PlaybackEngines/AndroidPlayer/UnityEditor.Android.Extensions.dll
Register platform support module: C:/Program Files/Unity/Hub/Editor/2021.3.11f1/Editor/Data/PlaybackEngines/WindowsStandaloneSupport/UnityEditor.WindowsStandalone.Extensions.dll
Register platform support module: C:/Program Files/Unity/Hub/Editor/2021.3.11f1/Editor/Data/PlaybackEngines/MetroSupport/UnityEditor.UWP.Extensions.dll
Registered in 0.006360 seconds.
Native extension for UWP target not found
Native extension for WindowsStandalone target not found
Native extension for Android target not found
Native extension for WebGL target not found
Refreshing native plugins compatible for Editor in 65.96 ms, found 3 plugins.
Preloading 0 native plugins for Editor in 0.00 ms.
Mono: successfully reloaded assembly
- Completed reload, in  0.605 seconds
Domain Reload Profiling:
	ReloadAssembly (605ms)
		BeginReloadAssembly (62ms)
			ExecutionOrderSort (0ms)
			DisableScriptedObjects (0ms)
			BackupInstance (0ms)
			ReleaseScriptingObjects (0ms)
			CreateAndSetChildDomain (1ms)
		EndReloadAssembly (445ms)
			LoadAssemblies (61ms)
			RebuildTransferFunctionScriptingTraits (0ms)
			SetupTypeCache (109ms)
			ReleaseScriptCaches (0ms)
			RebuildScriptCaches (27ms)
			SetupLoadedEditorAssemblies (259ms)
				LogAssemblyErrors (0ms)
				InitializePlatformSupportModulesInManaged (57ms)
				SetLoadedEditorAssemblies (2ms)
				RefreshPlugins (66ms)
				BeforeProcessingInitializeOnLoad (1ms)
				ProcessInitializeOnLoadAttributes (93ms)
				ProcessInitializeOnLoadMethodAttributes (40ms)
				AfterProcessingInitializeOnLoad (0ms)
				EditorAssembliesLoaded (0ms)
			ExecutionOrderSort2 (0ms)
			AwakeInstancesAfterBackupRestoration (0ms)
Platform modules already initialized, skipping
Registering precompiled user dll's ...
Registered in 0.004314 seconds.
Begin MonoManager ReloadAssembly
Symbol file LoadedFromMemory doesn't match image C:\Users\ithel\Documents\GitHub\Logoid\Logoid\Library\PackageCache\com.unity.visualscripting@1.7.8\Editor\VisualScripting.Core\Dependencies\YamlDotNet\Unity.VisualScripting.YamlDotNet.dll
Symbol file LoadedFromMemory doesn't match image C:\Users\ithel\Documents\GitHub\Logoid\Logoid\Library\PackageCache\com.unity.visualscripting@1.7.8\Editor\VisualScripting.Core\Dependencies\DotNetZip\Unity.VisualScripting.IonicZip.dll
Native extension for UWP target not found
Native extension for WindowsStandalone target not found
Native extension for Android target not found
Native extension for WebGL target not found
Refreshing native plugins compatible for Editor in 0.45 ms, found 3 plugins.
Preloading 0 native plugins for Editor in 0.00 ms.
Mono: successfully reloaded assembly
- Completed reload, in  0.973 seconds
Domain Reload Profiling:
	ReloadAssembly (973ms)
		BeginReloadAssembly (209ms)
			ExecutionOrderSort (0ms)
			DisableScriptedObjects (5ms)
			BackupInstance (0ms)
			ReleaseScriptingObjects (0ms)
			CreateAndSetChildDomain (130ms)
		EndReloadAssembly (665ms)
			LoadAssemblies (68ms)
			RebuildTransferFunctionScriptingTraits (0ms)
			SetupTypeCache (199ms)
			ReleaseScriptCaches (1ms)
			RebuildScriptCaches (48ms)
			SetupLoadedEditorAssemblies (308ms)
				LogAssemblyErrors (0ms)
				InitializePlatformSupportModulesInManaged (14ms)
				SetLoadedEditorAssemblies (0ms)
				RefreshPlugins (0ms)
				BeforeProcessingInitializeOnLoad (69ms)
				ProcessInitializeOnLoadAttributes (195ms)
				ProcessInitializeOnLoadMethodAttributes (24ms)
				AfterProcessingInitializeOnLoad (5ms)
				EditorAssembliesLoaded (0ms)
			ExecutionOrderSort2 (0ms)
			AwakeInstancesAfterBackupRestoration (5ms)
Platform modules already initialized, skipping
========================================================================
Worker process is ready to serve import requests
Launched and connected shader compiler UnityShaderCompiler.exe after 0.03 seconds
Refreshing native plugins compatible for Editor in 0.54 ms, found 3 plugins.
Preloading 0 native plugins for Editor in 0.00 ms.
Unloading 3259 Unused Serialized files (Serialized files now loaded: 0)
Unloading 24 unused Assets / (56.4 KB). Loaded Objects now: 3724.
Memory consumption went from 112.3 MB to 112.3 MB.
Total: 3.700600 ms (FindLiveObjects: 0.352100 ms CreateObjectMapping: 0.396000 ms MarkObjects: 2.890500 ms  DeleteObjects: 0.061100 ms)

AssetImportParameters requested are different than current active one (requested -> active):
  custom:video-decoder-ogg-theora: a1e56fd34408186e4bbccfd4996cb3dc -> 
  custom:container-muxer-webm: aa71ff27fc2769a1b78a27578f13a17b -> 
  custom:container-demuxer-webm: 4f35f7cbe854078d1ac9338744f61a02 -> 
  custom:video-encoder-webm-vp8: eb34c28f22e8b96e1ab97ce403110664 -> 
  custom:audio-encoder-webm-vorbis: bf7c407c2cedff20999df2af8eb42d56 -> 
  custom:framework-win-MediaFoundation: 216162199b28c13a410421893ffa2e32 -> 
  custom:container-demuxer-ogg: 62fdf1f143b41e24485cea50d1cbac27 -> 
  custom:video-decoder-webm-vp8: 9c59270c3fd7afecdb556c50c9e8de78 -> 
  custom:audio-decoder-ogg-vorbis: bf7c407c2cedff20999df2af8eb42d56 -> 
========================================================================
Received Import Request.
  Time since last request: 1216781.708803 seconds.
  path: Assets/Sprite/Logo.png
  artifactKey: Guid(6f9b7b6d8130d7548a13fb7d54d8ddb4) Importer(815301076,1909f56bfc062723c751e8b465ee728b)
Start importing Assets/Sprite/Logo.png using Guid(6f9b7b6d8130d7548a13fb7d54d8ddb4) Importer(815301076,1909f56bfc062723c751e8b465ee728b)  -> (artifact id: '69b7ac7eda9a2180dc13dc7249d2e1a0') in 0.100788 seconds 
========================================================================
Received Import Request.
  Time since last request: 195.921549 seconds.
  path: Assets/Fonts
  artifactKey: Guid(ead9f2c474b7b8841b166977ac17ae61) Importer(815301076,1909f56bfc062723c751e8b465ee728b)
Start importing Assets/Fonts using Guid(ead9f2c474b7b8841b166977ac17ae61) Importer(815301076,1909f56bfc062723c751e8b465ee728b)  -> (artifact id: '2c151d8c99734a67be1c4b116585d612') in 0.006097 seconds 
========================================================================
Received Import Request.
  Time since last request: 39.380683 seconds.
  path: Assets/Fonts/bouncy_2
  artifactKey: Guid(d3f84fd657879384e9ca347ecfeb4455) Importer(815301076,1909f56bfc062723c751e8b465ee728b)
Start importing Assets/Fonts/bouncy_2 using Guid(d3f84fd657879384e9ca347ecfeb4455) Importer(815301076,1909f56bfc062723c751e8b465ee728b)  -> (artifact id: '7aed0e204b83a4ab30c545b1c692617c') in 0.006966 seconds 
========================================================================
Received Import Request.
  Time since last request: 0.075788 seconds.
  path: Assets/Fonts/bouncy_2/Bouncy-Black-PERSONAL_USE_ONLY.otf
  artifactKey: Guid(9b2d1f09f066461409b2745ecdb24410) Importer(815301076,1909f56bfc062723c751e8b465ee728b)
Start importing Assets/Fonts/bouncy_2/Bouncy-Black-PERSONAL_USE_ONLY.otf using Guid(9b2d1f09f066461409b2745ecdb24410) Importer(815301076,1909f56bfc062723c751e8b465ee728b)  -> (artifact id: '2c8258fefdb466c66c101743d012fa8b') in 0.047162 seconds 
========================================================================
Received Import Request.
  Time since last request: 0.000039 seconds.
  path: Assets/Fonts/bouncy_2/Bouncy-Thin-PERSONAL_USE_ONLY.otf
  artifactKey: Guid(bca29dddfe4d7be449844ee75b0c1c0d) Importer(815301076,1909f56bfc062723c751e8b465ee728b)
Start importing Assets/Fonts/bouncy_2/Bouncy-Thin-PERSONAL_USE_ONLY.otf using Guid(bca29dddfe4d7be449844ee75b0c1c0d) Importer(815301076,1909f56bfc062723c751e8b465ee728b)  -> (artifact id: 'f3bb2ef85f0421183e5aa55af4c1b1c6') in 0.015548 seconds 
========================================================================
Received Import Request.
  Time since last request: 11.175313 seconds.
  path: Assets/TextMesh Pro/Resources/Fonts & Materials/LiberationSans SDF.asset
  artifactKey: Guid(8f586378b4e144a9851e7b34d9b748ee) Importer(815301076,1909f56bfc062723c751e8b465ee728b)
Start importing Assets/TextMesh Pro/Resources/Fonts & Materials/LiberationSans SDF.asset using Guid(8f586378b4e144a9851e7b34d9b748ee) Importer(815301076,1909f56bfc062723c751e8b465ee728b)  -> (artifact id: '832b11277c1313c323bf319c6cf33aae') in 0.099725 seconds 
========================================================================
Received Import Request.
  Time since last request: 13.428560 seconds.
  path: Assets/TextMesh Pro/Resources/Fonts & Materials/LiberationSans SDF - Drop Shadow.mat
  artifactKey: Guid(e73a58f6e2794ae7b1b7e50b7fb811b0) Importer(815301076,1909f56bfc062723c751e8b465ee728b)
Start importing Assets/TextMesh Pro/Resources/Fonts & Materials/LiberationSans SDF - Drop Shadow.mat using Guid(e73a58f6e2794ae7b1b7e50b7fb811b0) Importer(815301076,1909f56bfc062723c751e8b465ee728b)  -> (artifact id: '6e7f69912baec68dab0184c5f8726f93') in 0.080938 seconds 
========================================================================
Received Import Request.
  Time since last request: 62.736613 seconds.
  path: Assets/TextMesh Pro/Resources/TMP Settings.asset
  artifactKey: Guid(3f5b5dff67a942289a9defa416b206f3) Importer(815301076,1909f56bfc062723c751e8b465ee728b)
Start importing Assets/TextMesh Pro/Resources/TMP Settings.asset using Guid(3f5b5dff67a942289a9defa416b206f3) Importer(815301076,1909f56bfc062723c751e8b465ee728b)  -> (artifact id: '7d39d3b365ae06f4a5d582e5614ba55e') in 0.028940 seconds 
========================================================================
Received Import Request.
  Time since last request: 190.603690 seconds.
  path: Assets/Fonts/bouncy_2/READ_BEFORE_ANY_USE.txt
  artifactKey: Guid(e4067dc046bb4e048bd1d9a5672374e6) Importer(815301076,1909f56bfc062723c751e8b465ee728b)
Start importing Assets/Fonts/bouncy_2/READ_BEFORE_ANY_USE.txt using Guid(e4067dc046bb4e048bd1d9a5672374e6) Importer(815301076,1909f56bfc062723c751e8b465ee728b)  -> (artifact id: 'b7f0b6491cc213bab44c81f2ac08a4a1') in 0.027514 seconds 
========================================================================
Received Import Request.
  Time since last request: 5.676363 seconds.
  path: Assets/Fonts/bouncy_2/img
  artifactKey: Guid(a188a5a6b5d3b6e4082733df3ad54d58) Importer(815301076,1909f56bfc062723c751e8b465ee728b)
Start importing Assets/Fonts/bouncy_2/img using Guid(a188a5a6b5d3b6e4082733df3ad54d58) Importer(815301076,1909f56bfc062723c751e8b465ee728b)  -> (artifact id: 'bbddf4a557c265b830b2ab60992f9bd2') in 0.005519 seconds 
========================================================================
Received Import Request.
  Time since last request: 0.088866 seconds.
  path: Assets/Fonts/bouncy_2/img/bouncy_flag.png
  artifactKey: Guid(3a470864897460c4ba9e807734081889) Importer(815301076,1909f56bfc062723c751e8b465ee728b)
Start importing Assets/Fonts/bouncy_2/img/bouncy_flag.png using Guid(3a470864897460c4ba9e807734081889) Importer(815301076,1909f56bfc062723c751e8b465ee728b)  -> (artifact id: '512c1f1dc565d25f98564907ef2e8aff') in 0.025483 seconds 
========================================================================
Received Import Request.
  Time since last request: 0.000019 seconds.
  path: Assets/Fonts/bouncy_2/img/bouncy_poster05.png
  artifactKey: Guid(61f1d34c66e90ba46bd8a1d9f6d9bb9d) Importer(815301076,1909f56bfc062723c751e8b465ee728b)
Start importing Assets/Fonts/bouncy_2/img/bouncy_poster05.png using Guid(61f1d34c66e90ba46bd8a1d9f6d9bb9d) Importer(815301076,1909f56bfc062723c751e8b465ee728b)  -> (artifact id: 'f3cf35c0f0ce4b4f555638299cf4728b') in 0.026814 seconds 
========================================================================
Received Import Request.
  Time since last request: 0.000016 seconds.
  path: Assets/Fonts/bouncy_2/img/bouncy_poster03.png
  artifactKey: Guid(8131d8fe601158348b8131c0f5c02aa9) Importer(815301076,1909f56bfc062723c751e8b465ee728b)
Start importing Assets/Fonts/bouncy_2/img/bouncy_poster03.png using Guid(8131d8fe601158348b8131c0f5c02aa9) Importer(815301076,1909f56bfc062723c751e8b465ee728b)  -> (artifact id: 'eb3e80956b816d1b1965b16fcf07e748') in 0.029111 seconds 
========================================================================
Received Import Request.
  Time since last request: 43.318019 seconds.
  path: Assets/TextMesh Pro/Resources/Fonts & Materials/LiberationSans SDF - Outline.mat
  artifactKey: Guid(79459efec17a4d00a321bdcc27bbc385) Importer(815301076,1909f56bfc062723c751e8b465ee728b)
Start importing Assets/TextMesh Pro/Resources/Fonts & Materials/LiberationSans SDF - Outline.mat using Guid(79459efec17a4d00a321bdcc27bbc385) Importer(815301076,1909f56bfc062723c751e8b465ee728b)  -> (artifact id: '9d0ee54e09c27317b241e08db1006120') in 0.070789 seconds 
